25-10-04 16:31:00.936 [background-preinit] INFO  o.h.validator.internal.util.Version - HV000001: Hibernate Validator 8.0.2.Final
25-10-04 16:31:01.023 [Test worker] INFO  c.s.m.d.c.UserApiIntegrationTest - Starting UserApiIntegrationTest using Java 17.0.15 with PID 21592 (started by SW in C:\dev_source\5-sprint-mission)
25-10-04 16:31:01.036 [Test worker] INFO  c.s.m.d.c.UserApiIntegrationTest - The following 1 profile is active: "test"
25-10-04 16:31:02.519 [Test worker] INFO  o.s.d.r.c.RepositoryConfigurationDel - Bootstrapping Spring Data JPA repositories in DEFAULT mode.
25-10-04 16:31:02.626 [Test worker] INFO  o.s.d.r.c.RepositoryConfigurationDel - Finished Spring Data repository scanning in 93 ms. Found 6 JPA repository interfaces.
25-10-04 16:31:03.317 [Test worker] INFO  o.s.b.w.e.tomcat.TomcatWebServer - Tomcat initialized with port 0 (http)
25-10-04 16:31:03.330 [Test worker] INFO  o.a.coyote.http11.Http11NioProtocol - Initializing ProtocolHandler ["http-nio-auto-1"]
25-10-04 16:31:03.333 [Test worker] INFO  o.a.catalina.core.StandardService - Starting service [Tomcat]
25-10-04 16:31:03.333 [Test worker] INFO  o.a.catalina.core.StandardEngine - Starting Servlet engine: [Apache Tomcat/10.1.43]
25-10-04 16:31:03.426 [Test worker] INFO  o.a.c.c.C.[Tomcat].[localhost].[/] - Initializing Spring embedded WebApplicationContext
25-10-04 16:31:03.426 [Test worker] INFO  o.s.b.w.s.c.ServletWebServerApplicat - Root WebApplicationContext: initialization completed in 2359 ms
25-10-04 16:31:03.803 [Test worker] INFO  o.h.jpa.internal.util.LogHelper - HHH000204: Processing PersistenceUnitInfo [name: default]
25-10-04 16:31:03.896 [Test worker] INFO  org.hibernate.Version - HHH000412: Hibernate ORM core version 6.6.22.Final
25-10-04 16:31:03.941 [Test worker] INFO  o.h.c.i.RegionFactoryInitiator - HHH000026: Second-level cache disabled
25-10-04 16:31:04.397 [Test worker] INFO  o.s.o.j.p.SpringPersistenceUnitInfo - No LoadTimeWeaver setup: ignoring JPA class transformer
25-10-04 16:31:04.452 [Test worker] INFO  com.zaxxer.hikari.HikariDataSource - HikariPool-1 - Starting...
25-10-04 16:31:04.662 [Test worker] INFO  com.zaxxer.hikari.pool.HikariPool - HikariPool-1 - Added connection conn0: url=jdbc:h2:mem:testdb user=SA
25-10-04 16:31:04.662 [Test worker] INFO  com.zaxxer.hikari.HikariDataSource - HikariPool-1 - Start completed.
25-10-04 16:31:04.706 [Test worker] WARN  org.hibernate.orm.deprecation - HHH90000025: H2Dialect does not need to be specified explicitly using 'hibernate.dialect' (remove the property setting and it will be selected by default)
25-10-04 16:31:04.723 [Test worker] INFO  o.hibernate.orm.connections.pooling - HHH10001005: Database info:
	Database JDBC URL [Connecting through datasource 'HikariDataSource (HikariPool-1)']
	Database driver: undefined/unknown
	Database version: 2.3.232
	Autocommit mode: undefined/unknown
	Isolation level: undefined/unknown
	Minimum pool size: undefined/unknown
	Maximum pool size: undefined/unknown
25-10-04 16:31:06.008 [Test worker] INFO  o.h.e.t.j.p.i.JtaPlatformInitiator - HHH000489: No JTA platform available (set 'hibernate.transaction.jta.platform' to enable JTA platform integration)
25-10-04 16:31:06.024 [Test worker] DEBUG org.hibernate.SQL - drop table if exists binary_contents cascade 
25-10-04 16:31:06.028 [Test worker] DEBUG org.hibernate.SQL - drop table if exists channel_participants cascade 
25-10-04 16:31:06.028 [Test worker] DEBUG org.hibernate.SQL - drop table if exists channels cascade 
25-10-04 16:31:06.029 [Test worker] DEBUG org.hibernate.SQL - drop table if exists messages cascade 
25-10-04 16:31:06.029 [Test worker] DEBUG org.hibernate.SQL - drop table if exists read_statuses cascade 
25-10-04 16:31:06.029 [Test worker] DEBUG org.hibernate.SQL - drop table if exists user_statuses cascade 
25-10-04 16:31:06.030 [Test worker] DEBUG org.hibernate.SQL - drop table if exists users cascade 
25-10-04 16:31:06.035 [Test worker] DEBUG org.hibernate.SQL - create table binary_contents (created_at timestamp(6) with time zone, size bigint not null, updated_at timestamp(6) with time zone, id uuid not null, message_id uuid, content_type varchar(100) not null, bytes varbinary(255) not null, file_name varchar(255) not null, primary key (id))
25-10-04 16:31:06.042 [Test worker] DEBUG org.hibernate.SQL - create table channel_participants (channel_id uuid not null, user_id uuid not null)
25-10-04 16:31:06.044 [Test worker] DEBUG org.hibernate.SQL - create table channels (created_at timestamp(6) with time zone, last_message_at timestamp(6) with time zone, updated_at timestamp(6) with time zone, id uuid not null, name varchar(100), description varchar(500), type enum ('PRIVATE','PUBLIC') not null, primary key (id))
25-10-04 16:31:06.044 [Test worker] DEBUG org.hibernate.SQL - create table messages (created_at timestamp(6) with time zone, updated_at timestamp(6) with time zone, author_id uuid, channel_id uuid, id uuid not null, content varchar(255), primary key (id))
25-10-04 16:31:06.044 [Test worker] DEBUG org.hibernate.SQL - create table read_statuses (created_at timestamp(6) with time zone, last_read_at timestamp(6) with time zone not null, updated_at timestamp(6) with time zone, channel_id uuid not null, id uuid not null, user_id uuid not null, primary key (id))
25-10-04 16:31:06.051 [Test worker] DEBUG org.hibernate.SQL - create table user_statuses (created_at timestamp(6) with time zone, last_active_at timestamp(6) with time zone, updated_at timestamp(6) with time zone, id uuid not null, user_id uuid not null unique, primary key (id))
25-10-04 16:31:06.054 [Test worker] DEBUG org.hibernate.SQL - create table users (created_at timestamp(6) with time zone, updated_at timestamp(6) with time zone, id uuid not null, profile_id uuid unique, username varchar(50) not null, password varchar(60) not null, email varchar(100) not null, primary key (id))
25-10-04 16:31:06.054 [Test worker] DEBUG org.hibernate.SQL - alter table if exists binary_contents add constraint FKaffo4mpem38t2jgoewjgbri2y foreign key (message_id) references messages
25-10-04 16:31:06.068 [Test worker] DEBUG org.hibernate.SQL - alter table if exists channel_participants add constraint FKljc2c43m89q7xiia8vr5in7nt foreign key (user_id) references users
25-10-04 16:31:06.070 [Test worker] DEBUG org.hibernate.SQL - alter table if exists channel_participants add constraint FKsj8j1v58oh34x4kjttfjorvk1 foreign key (channel_id) references channels
25-10-04 16:31:06.072 [Test worker] DEBUG org.hibernate.SQL - alter table if exists messages add constraint FKowtlim26svclkatusptbgi7u1 foreign key (author_id) references users
25-10-04 16:31:06.073 [Test worker] DEBUG org.hibernate.SQL - alter table if exists messages add constraint FK3u3ckbhwq9se1cmopk2pq05b2 foreign key (channel_id) references channels
25-10-04 16:31:06.075 [Test worker] DEBUG org.hibernate.SQL - alter table if exists read_statuses add constraint FKa38ri44ml4gfdpklx4ahqr8gd foreign key (channel_id) references channels
25-10-04 16:31:06.077 [Test worker] DEBUG org.hibernate.SQL - alter table if exists read_statuses add constraint FKml3k4wr9sj5yxrmj6d0aoib2e foreign key (user_id) references users
25-10-04 16:31:06.077 [Test worker] DEBUG org.hibernate.SQL - alter table if exists user_statuses add constraint FK4lfl3ei2ubchgcxrrpo3pw4mm foreign key (user_id) references users
25-10-04 16:31:06.077 [Test worker] DEBUG org.hibernate.SQL - alter table if exists users add constraint fk_users_profile foreign key (profile_id) references binary_contents
25-10-04 16:31:06.080 [Test worker] INFO  o.s.o.j.LocalContainerEntityManagerF - Initialized JPA EntityManagerFactory for persistence unit 'default'
25-10-04 16:31:07.000 [Test worker] WARN  o.s.b.a.o.j.JpaBaseConfiguration$Jpa - spring.jpa.open-in-view is enabled by default. Therefore, database queries may be performed during view rendering. Explicitly configure spring.jpa.open-in-view to disable this warning
25-10-04 16:31:07.858 [Test worker] INFO  o.s.b.a.h.H2ConsoleAutoConfiguration - H2 console available at '/h2-console'. Database available at 'jdbc:h2:mem:testdb'
25-10-04 16:31:07.879 [Test worker] INFO  o.s.b.a.e.web.EndpointLinksResolver - Exposing 4 endpoints beneath base path '/actuator'
25-10-04 16:31:08.223 [Test worker] INFO  o.a.coyote.http11.Http11NioProtocol - Starting ProtocolHandler ["http-nio-auto-1"]
25-10-04 16:31:08.242 [Test worker] INFO  o.s.b.w.e.tomcat.TomcatWebServer - Tomcat started on port 62319 (http) with context path '/'
25-10-04 16:31:08.264 [Test worker] INFO  c.s.m.d.c.UserApiIntegrationTest - Started UserApiIntegrationTest in 7.829 seconds (process running for 9.267)
25-10-04 16:31:09.130 [http-nio-auto-1-exec-1] INFO  o.a.c.c.C.[Tomcat].[localhost].[/] - Initializing Spring DispatcherServlet 'dispatcherServlet'
25-10-04 16:31:09.130 [http-nio-auto-1-exec-1] INFO  o.s.web.servlet.DispatcherServlet - Initializing Servlet 'dispatcherServlet'
25-10-04 16:31:09.130 [http-nio-auto-1-exec-1] INFO  o.s.web.servlet.DispatcherServlet - Completed initialization in 0 ms
25-10-04 16:31:09.222 [http-nio-auto-1-exec-1] DEBUG org.hibernate.SQL - select u1_0.id,u1_0.created_at,u1_0.email,u1_0.password,p1_0.id,p1_0.bytes,p1_0.content_type,p1_0.created_at,p1_0.file_name,m1_0.id,a1_0.id,a1_0.created_at,a1_0.email,a1_0.password,a1_0.profile_id,s1_0.id,s1_0.created_at,s1_0.last_active_at,s1_0.updated_at,s1_0.user_id,a1_0.updated_at,a1_0.username,c1_0.id,c1_0.type,c1_0.created_at,c1_0.description,c1_0.last_message_at,c1_0.name,c1_0.updated_at,m1_0.content,m1_0.created_at,m1_0.updated_at,p1_0.size,p1_0.updated_at,s2_0.id,s2_0.created_at,s2_0.last_active_at,s2_0.updated_at,s2_0.user_id,u1_0.updated_at,u1_0.username from users u1_0 left join binary_contents p1_0 on p1_0.id=u1_0.profile_id left join messages m1_0 on m1_0.id=p1_0.message_id left join users a1_0 on a1_0.id=m1_0.author_id left join user_statuses s1_0 on a1_0.id=s1_0.user_id left join channels c1_0 on c1_0.id=m1_0.channel_id left join user_statuses s2_0 on u1_0.id=s2_0.user_id where u1_0.id=?
25-10-04 16:31:09.499 [http-nio-auto-1-exec-2] INFO  c.s.m.d.controller.UserController - 유저 전체 조회 요청
25-10-04 16:31:09.500 [http-nio-auto-1-exec-2] INFO  c.s.m.d.service.impl.UserServiceImpl - 전체 유저 목록 조회
25-10-04 16:31:09.678 [http-nio-auto-1-exec-2] DEBUG org.hibernate.SQL - select u1_0.id,u1_0.created_at,u1_0.email,u1_0.password,u1_0.profile_id,u1_0.updated_at,u1_0.username from users u1_0
25-10-04 16:31:09.862 [SpringApplicationShutdownHook] INFO  o.s.b.w.e.tomcat.GracefulShutdown - Commencing graceful shutdown. Waiting for active requests to complete
25-10-04 16:31:10.062 [tomcat-shutdown] INFO  o.s.b.w.e.tomcat.GracefulShutdown - Graceful shutdown complete
25-10-04 16:31:10.067 [SpringApplicationShutdownHook] INFO  o.s.o.j.LocalContainerEntityManagerF - Closing JPA EntityManagerFactory for persistence unit 'default'
25-10-04 16:31:10.067 [SpringApplicationShutdownHook] DEBUG org.hibernate.SQL - drop table if exists binary_contents cascade 
25-10-04 16:31:10.067 [SpringApplicationShutdownHook] DEBUG org.hibernate.SQL - drop table if exists channel_participants cascade 
25-10-04 16:31:10.073 [SpringApplicationShutdownHook] DEBUG org.hibernate.SQL - drop table if exists channels cascade 
25-10-04 16:31:10.073 [SpringApplicationShutdownHook] DEBUG org.hibernate.SQL - drop table if exists messages cascade 
25-10-04 16:31:10.073 [SpringApplicationShutdownHook] DEBUG org.hibernate.SQL - drop table if exists read_statuses cascade 
25-10-04 16:31:10.076 [SpringApplicationShutdownHook] DEBUG org.hibernate.SQL - drop table if exists user_statuses cascade 
25-10-04 16:31:10.076 [SpringApplicationShutdownHook] DEBUG org.hibernate.SQL - drop table if exists users cascade 
25-10-04 16:31:10.081 [SpringApplicationShutdownHook] INFO  com.zaxxer.hikari.HikariDataSource - HikariPool-1 - Shutdown initiated...
25-10-04 16:31:10.085 [SpringApplicationShutdownHook] INFO  com.zaxxer.hikari.HikariDataSource - HikariPool-1 - Shutdown completed.
25-10-04 16:54:22.508 [background-preinit] INFO  o.h.validator.internal.util.Version - HV000001: Hibernate Validator 8.0.2.Final
25-10-04 16:54:22.609 [Test worker] INFO  c.s.m.d.c.UserApiIntegrationTest - Starting UserApiIntegrationTest using Java 17.0.15 with PID 18120 (started by SW in C:\dev_source\5-sprint-mission)
25-10-04 16:54:22.610 [Test worker] INFO  c.s.m.d.c.UserApiIntegrationTest - The following 1 profile is active: "test"
25-10-04 16:54:24.155 [Test worker] INFO  o.s.d.r.c.RepositoryConfigurationDel - Bootstrapping Spring Data JPA repositories in DEFAULT mode.
25-10-04 16:54:24.253 [Test worker] INFO  o.s.d.r.c.RepositoryConfigurationDel - Finished Spring Data repository scanning in 91 ms. Found 6 JPA repository interfaces.
25-10-04 16:54:25.003 [Test worker] INFO  o.s.b.w.e.tomcat.TomcatWebServer - Tomcat initialized with port 0 (http)
25-10-04 16:54:25.023 [Test worker] INFO  o.a.coyote.http11.Http11NioProtocol - Initializing ProtocolHandler ["http-nio-auto-1"]
25-10-04 16:54:25.028 [Test worker] INFO  o.a.catalina.core.StandardService - Starting service [Tomcat]
25-10-04 16:54:25.028 [Test worker] INFO  o.a.catalina.core.StandardEngine - Starting Servlet engine: [Apache Tomcat/10.1.43]
25-10-04 16:54:25.148 [Test worker] INFO  o.a.c.c.C.[Tomcat].[localhost].[/] - Initializing Spring embedded WebApplicationContext
25-10-04 16:54:25.150 [Test worker] INFO  o.s.b.w.s.c.ServletWebServerApplicat - Root WebApplicationContext: initialization completed in 2508 ms
25-10-04 16:54:25.509 [Test worker] INFO  o.h.jpa.internal.util.LogHelper - HHH000204: Processing PersistenceUnitInfo [name: default]
25-10-04 16:54:25.630 [Test worker] INFO  org.hibernate.Version - HHH000412: Hibernate ORM core version 6.6.22.Final
25-10-04 16:54:25.708 [Test worker] INFO  o.h.c.i.RegionFactoryInitiator - HHH000026: Second-level cache disabled
25-10-04 16:54:26.111 [Test worker] INFO  o.s.o.j.p.SpringPersistenceUnitInfo - No LoadTimeWeaver setup: ignoring JPA class transformer
25-10-04 16:54:26.147 [Test worker] INFO  com.zaxxer.hikari.HikariDataSource - HikariPool-1 - Starting...
25-10-04 16:54:26.372 [Test worker] INFO  com.zaxxer.hikari.pool.HikariPool - HikariPool-1 - Added connection conn0: url=jdbc:h2:mem:testdb user=SA
25-10-04 16:54:26.374 [Test worker] INFO  com.zaxxer.hikari.HikariDataSource - HikariPool-1 - Start completed.
25-10-04 16:54:26.394 [Test worker] WARN  org.hibernate.orm.deprecation - HHH90000025: H2Dialect does not need to be specified explicitly using 'hibernate.dialect' (remove the property setting and it will be selected by default)
25-10-04 16:54:26.430 [Test worker] INFO  o.hibernate.orm.connections.pooling - HHH10001005: Database info:
	Database JDBC URL [Connecting through datasource 'HikariDataSource (HikariPool-1)']
	Database driver: undefined/unknown
	Database version: 2.3.232
	Autocommit mode: undefined/unknown
	Isolation level: undefined/unknown
	Minimum pool size: undefined/unknown
	Maximum pool size: undefined/unknown
25-10-04 16:54:27.771 [Test worker] INFO  o.h.e.t.j.p.i.JtaPlatformInitiator - HHH000489: No JTA platform available (set 'hibernate.transaction.jta.platform' to enable JTA platform integration)
25-10-04 16:54:27.791 [Test worker] DEBUG org.hibernate.SQL - drop table if exists binary_contents cascade 
25-10-04 16:54:27.795 [Test worker] DEBUG org.hibernate.SQL - drop table if exists channel_participants cascade 
25-10-04 16:54:27.795 [Test worker] DEBUG org.hibernate.SQL - drop table if exists channels cascade 
25-10-04 16:54:27.796 [Test worker] DEBUG org.hibernate.SQL - drop table if exists messages cascade 
25-10-04 16:54:27.796 [Test worker] DEBUG org.hibernate.SQL - drop table if exists read_statuses cascade 
25-10-04 16:54:27.796 [Test worker] DEBUG org.hibernate.SQL - drop table if exists user_statuses cascade 
25-10-04 16:54:27.797 [Test worker] DEBUG org.hibernate.SQL - drop table if exists users cascade 
25-10-04 16:54:27.801 [Test worker] DEBUG org.hibernate.SQL - create table binary_contents (created_at timestamp(6) with time zone, size bigint not null, updated_at timestamp(6) with time zone, id uuid not null, message_id uuid, content_type varchar(100) not null, bytes varbinary(255) not null, file_name varchar(255) not null, primary key (id))
25-10-04 16:54:27.810 [Test worker] DEBUG org.hibernate.SQL - create table channel_participants (channel_id uuid not null, user_id uuid not null)
25-10-04 16:54:27.812 [Test worker] DEBUG org.hibernate.SQL - create table channels (created_at timestamp(6) with time zone, last_message_at timestamp(6) with time zone, updated_at timestamp(6) with time zone, id uuid not null, name varchar(100), description varchar(500), type enum ('PRIVATE','PUBLIC') not null, primary key (id))
25-10-04 16:54:27.812 [Test worker] DEBUG org.hibernate.SQL - create table messages (created_at timestamp(6) with time zone, updated_at timestamp(6) with time zone, author_id uuid, channel_id uuid, id uuid not null, content varchar(255), primary key (id))
25-10-04 16:54:27.817 [Test worker] DEBUG org.hibernate.SQL - create table read_statuses (created_at timestamp(6) with time zone, last_read_at timestamp(6) with time zone not null, updated_at timestamp(6) with time zone, channel_id uuid not null, id uuid not null, user_id uuid not null, primary key (id))
25-10-04 16:54:27.822 [Test worker] DEBUG org.hibernate.SQL - create table user_statuses (created_at timestamp(6) with time zone, last_active_at timestamp(6) with time zone, updated_at timestamp(6) with time zone, id uuid not null, user_id uuid not null unique, primary key (id))
25-10-04 16:54:27.824 [Test worker] DEBUG org.hibernate.SQL - create table users (created_at timestamp(6) with time zone, updated_at timestamp(6) with time zone, id uuid not null, profile_id uuid unique, username varchar(50) not null, password varchar(60) not null, email varchar(100) not null, primary key (id))
25-10-04 16:54:27.826 [Test worker] DEBUG org.hibernate.SQL - alter table if exists binary_contents add constraint FKaffo4mpem38t2jgoewjgbri2y foreign key (message_id) references messages
25-10-04 16:54:27.832 [Test worker] DEBUG org.hibernate.SQL - alter table if exists channel_participants add constraint FKljc2c43m89q7xiia8vr5in7nt foreign key (user_id) references users
25-10-04 16:54:27.832 [Test worker] DEBUG org.hibernate.SQL - alter table if exists channel_participants add constraint FKsj8j1v58oh34x4kjttfjorvk1 foreign key (channel_id) references channels
25-10-04 16:54:27.832 [Test worker] DEBUG org.hibernate.SQL - alter table if exists messages add constraint FKowtlim26svclkatusptbgi7u1 foreign key (author_id) references users
25-10-04 16:54:27.832 [Test worker] DEBUG org.hibernate.SQL - alter table if exists messages add constraint FK3u3ckbhwq9se1cmopk2pq05b2 foreign key (channel_id) references channels
25-10-04 16:54:27.832 [Test worker] DEBUG org.hibernate.SQL - alter table if exists read_statuses add constraint FKa38ri44ml4gfdpklx4ahqr8gd foreign key (channel_id) references channels
25-10-04 16:54:27.848 [Test worker] DEBUG org.hibernate.SQL - alter table if exists read_statuses add constraint FKml3k4wr9sj5yxrmj6d0aoib2e foreign key (user_id) references users
25-10-04 16:54:27.849 [Test worker] DEBUG org.hibernate.SQL - alter table if exists user_statuses add constraint FK4lfl3ei2ubchgcxrrpo3pw4mm foreign key (user_id) references users
25-10-04 16:54:27.849 [Test worker] DEBUG org.hibernate.SQL - alter table if exists users add constraint fk_users_profile foreign key (profile_id) references binary_contents
25-10-04 16:54:27.855 [Test worker] INFO  o.s.o.j.LocalContainerEntityManagerF - Initialized JPA EntityManagerFactory for persistence unit 'default'
25-10-04 16:54:28.754 [Test worker] WARN  o.s.b.a.o.j.JpaBaseConfiguration$Jpa - spring.jpa.open-in-view is enabled by default. Therefore, database queries may be performed during view rendering. Explicitly configure spring.jpa.open-in-view to disable this warning
25-10-04 16:54:29.597 [Test worker] INFO  o.s.b.a.h.H2ConsoleAutoConfiguration - H2 console available at '/h2-console'. Database available at 'jdbc:h2:mem:testdb'
25-10-04 16:54:29.630 [Test worker] INFO  o.s.b.a.e.web.EndpointLinksResolver - Exposing 4 endpoints beneath base path '/actuator'
25-10-04 16:54:30.028 [Test worker] INFO  o.a.coyote.http11.Http11NioProtocol - Starting ProtocolHandler ["http-nio-auto-1"]
25-10-04 16:54:30.044 [Test worker] INFO  o.s.b.w.e.tomcat.TomcatWebServer - Tomcat started on port 56979 (http) with context path '/'
25-10-04 16:54:30.068 [Test worker] INFO  c.s.m.d.c.UserApiIntegrationTest - Started UserApiIntegrationTest in 8.062 seconds (process running for 9.63)
25-10-04 16:54:30.980 [http-nio-auto-1-exec-1] INFO  o.a.c.c.C.[Tomcat].[localhost].[/] - Initializing Spring DispatcherServlet 'dispatcherServlet'
25-10-04 16:54:30.981 [http-nio-auto-1-exec-1] INFO  o.s.web.servlet.DispatcherServlet - Initializing Servlet 'dispatcherServlet'
25-10-04 16:54:30.983 [http-nio-auto-1-exec-1] INFO  o.s.web.servlet.DispatcherServlet - Completed initialization in 2 ms
25-10-04 16:54:31.075 [http-nio-auto-1-exec-1] DEBUG org.hibernate.SQL - select u1_0.id,u1_0.created_at,u1_0.email,u1_0.password,p1_0.id,p1_0.bytes,p1_0.content_type,p1_0.created_at,p1_0.file_name,m1_0.id,a1_0.id,a1_0.created_at,a1_0.email,a1_0.password,a1_0.profile_id,s1_0.id,s1_0.created_at,s1_0.last_active_at,s1_0.updated_at,s1_0.user_id,a1_0.updated_at,a1_0.username,c1_0.id,c1_0.type,c1_0.created_at,c1_0.description,c1_0.last_message_at,c1_0.name,c1_0.updated_at,m1_0.content,m1_0.created_at,m1_0.updated_at,p1_0.size,p1_0.updated_at,s2_0.id,s2_0.created_at,s2_0.last_active_at,s2_0.updated_at,s2_0.user_id,u1_0.updated_at,u1_0.username from users u1_0 left join binary_contents p1_0 on p1_0.id=u1_0.profile_id left join messages m1_0 on m1_0.id=p1_0.message_id left join users a1_0 on a1_0.id=m1_0.author_id left join user_statuses s1_0 on a1_0.id=s1_0.user_id left join channels c1_0 on c1_0.id=m1_0.channel_id left join user_statuses s2_0 on u1_0.id=s2_0.user_id where u1_0.id=?
25-10-04 16:54:31.351 [http-nio-auto-1-exec-2] INFO  c.s.m.d.controller.UserController - 유저 전체 조회 요청
25-10-04 16:54:31.351 [http-nio-auto-1-exec-2] INFO  c.s.m.d.service.impl.UserServiceImpl - 전체 유저 목록 조회
25-10-04 16:54:31.583 [http-nio-auto-1-exec-2] DEBUG org.hibernate.SQL - select u1_0.id,u1_0.created_at,u1_0.email,u1_0.password,u1_0.profile_id,u1_0.updated_at,u1_0.username from users u1_0
25-10-04 16:54:31.831 [SpringApplicationShutdownHook] INFO  o.s.b.w.e.tomcat.GracefulShutdown - Commencing graceful shutdown. Waiting for active requests to complete
25-10-04 16:54:32.044 [tomcat-shutdown] INFO  o.s.b.w.e.tomcat.GracefulShutdown - Graceful shutdown complete
25-10-04 16:54:32.052 [SpringApplicationShutdownHook] INFO  o.s.o.j.LocalContainerEntityManagerF - Closing JPA EntityManagerFactory for persistence unit 'default'
25-10-04 16:54:32.054 [SpringApplicationShutdownHook] DEBUG org.hibernate.SQL - drop table if exists binary_contents cascade 
25-10-04 16:54:32.057 [SpringApplicationShutdownHook] DEBUG org.hibernate.SQL - drop table if exists channel_participants cascade 
25-10-04 16:54:32.058 [SpringApplicationShutdownHook] DEBUG org.hibernate.SQL - drop table if exists channels cascade 
25-10-04 16:54:32.059 [SpringApplicationShutdownHook] DEBUG org.hibernate.SQL - drop table if exists messages cascade 
25-10-04 16:54:32.060 [SpringApplicationShutdownHook] DEBUG org.hibernate.SQL - drop table if exists read_statuses cascade 
25-10-04 16:54:32.062 [SpringApplicationShutdownHook] DEBUG org.hibernate.SQL - drop table if exists user_statuses cascade 
25-10-04 16:54:32.064 [SpringApplicationShutdownHook] DEBUG org.hibernate.SQL - drop table if exists users cascade 
25-10-04 16:54:32.069 [SpringApplicationShutdownHook] INFO  com.zaxxer.hikari.HikariDataSource - HikariPool-1 - Shutdown initiated...
25-10-04 16:54:32.073 [SpringApplicationShutdownHook] INFO  com.zaxxer.hikari.HikariDataSource - HikariPool-1 - Shutdown completed.
25-10-04 16:59:10.149 [background-preinit] INFO  o.h.validator.internal.util.Version - HV000001: Hibernate Validator 8.0.2.Final
25-10-04 16:59:10.239 [Test worker] INFO  c.s.m.d.c.UserApiIntegrationTest - Starting UserApiIntegrationTest using Java 17.0.15 with PID 25496 (started by SW in C:\dev_source\5-sprint-mission)
25-10-04 16:59:10.239 [Test worker] INFO  c.s.m.d.c.UserApiIntegrationTest - The following 1 profile is active: "test"
25-10-04 16:59:11.769 [Test worker] INFO  o.s.d.r.c.RepositoryConfigurationDel - Bootstrapping Spring Data JPA repositories in DEFAULT mode.
25-10-04 16:59:11.879 [Test worker] INFO  o.s.d.r.c.RepositoryConfigurationDel - Finished Spring Data repository scanning in 102 ms. Found 6 JPA repository interfaces.
25-10-04 16:59:12.753 [Test worker] INFO  o.s.b.w.e.tomcat.TomcatWebServer - Tomcat initialized with port 0 (http)
25-10-04 16:59:12.772 [Test worker] INFO  o.a.coyote.http11.Http11NioProtocol - Initializing ProtocolHandler ["http-nio-auto-1"]
25-10-04 16:59:12.775 [Test worker] INFO  o.a.catalina.core.StandardService - Starting service [Tomcat]
25-10-04 16:59:12.776 [Test worker] INFO  o.a.catalina.core.StandardEngine - Starting Servlet engine: [Apache Tomcat/10.1.43]
25-10-04 16:59:12.866 [Test worker] INFO  o.a.c.c.C.[Tomcat].[localhost].[/] - Initializing Spring embedded WebApplicationContext
25-10-04 16:59:12.866 [Test worker] INFO  o.s.b.w.s.c.ServletWebServerApplicat - Root WebApplicationContext: initialization completed in 2595 ms
25-10-04 16:59:13.245 [Test worker] INFO  o.h.jpa.internal.util.LogHelper - HHH000204: Processing PersistenceUnitInfo [name: default]
25-10-04 16:59:13.355 [Test worker] INFO  org.hibernate.Version - HHH000412: Hibernate ORM core version 6.6.22.Final
25-10-04 16:59:13.418 [Test worker] INFO  o.h.c.i.RegionFactoryInitiator - HHH000026: Second-level cache disabled
25-10-04 16:59:13.840 [Test worker] INFO  o.s.o.j.p.SpringPersistenceUnitInfo - No LoadTimeWeaver setup: ignoring JPA class transformer
25-10-04 16:59:13.894 [Test worker] INFO  com.zaxxer.hikari.HikariDataSource - HikariPool-1 - Starting...
25-10-04 16:59:14.097 [Test worker] INFO  com.zaxxer.hikari.pool.HikariPool - HikariPool-1 - Added connection conn0: url=jdbc:h2:mem:testdb user=SA
25-10-04 16:59:14.099 [Test worker] INFO  com.zaxxer.hikari.HikariDataSource - HikariPool-1 - Start completed.
25-10-04 16:59:14.130 [Test worker] WARN  org.hibernate.orm.deprecation - HHH90000025: H2Dialect does not need to be specified explicitly using 'hibernate.dialect' (remove the property setting and it will be selected by default)
25-10-04 16:59:14.161 [Test worker] INFO  o.hibernate.orm.connections.pooling - HHH10001005: Database info:
	Database JDBC URL [Connecting through datasource 'HikariDataSource (HikariPool-1)']
	Database driver: undefined/unknown
	Database version: 2.3.232
	Autocommit mode: undefined/unknown
	Isolation level: undefined/unknown
	Minimum pool size: undefined/unknown
	Maximum pool size: undefined/unknown
25-10-04 16:59:15.629 [Test worker] INFO  o.h.e.t.j.p.i.JtaPlatformInitiator - HHH000489: No JTA platform available (set 'hibernate.transaction.jta.platform' to enable JTA platform integration)
25-10-04 16:59:15.650 [Test worker] DEBUG org.hibernate.SQL - drop table if exists binary_contents cascade 
25-10-04 16:59:15.654 [Test worker] DEBUG org.hibernate.SQL - drop table if exists channel_participants cascade 
25-10-04 16:59:15.654 [Test worker] DEBUG org.hibernate.SQL - drop table if exists channels cascade 
25-10-04 16:59:15.655 [Test worker] DEBUG org.hibernate.SQL - drop table if exists messages cascade 
25-10-04 16:59:15.655 [Test worker] DEBUG org.hibernate.SQL - drop table if exists read_statuses cascade 
25-10-04 16:59:15.655 [Test worker] DEBUG org.hibernate.SQL - drop table if exists user_statuses cascade 
25-10-04 16:59:15.656 [Test worker] DEBUG org.hibernate.SQL - drop table if exists users cascade 
25-10-04 16:59:15.664 [Test worker] DEBUG org.hibernate.SQL - create table binary_contents (created_at timestamp(6) with time zone, size bigint not null, updated_at timestamp(6) with time zone, id uuid not null, message_id uuid, content_type varchar(100) not null, bytes varbinary(255) not null, file_name varchar(255) not null, primary key (id))
25-10-04 16:59:15.673 [Test worker] DEBUG org.hibernate.SQL - create table channel_participants (channel_id uuid not null, user_id uuid not null)
25-10-04 16:59:15.675 [Test worker] DEBUG org.hibernate.SQL - create table channels (created_at timestamp(6) with time zone, last_message_at timestamp(6) with time zone, updated_at timestamp(6) with time zone, id uuid not null, name varchar(100), description varchar(500), type enum ('PRIVATE','PUBLIC') not null, primary key (id))
25-10-04 16:59:15.677 [Test worker] DEBUG org.hibernate.SQL - create table messages (created_at timestamp(6) with time zone, updated_at timestamp(6) with time zone, author_id uuid, channel_id uuid, id uuid not null, content varchar(255), primary key (id))
25-10-04 16:59:15.679 [Test worker] DEBUG org.hibernate.SQL - create table read_statuses (created_at timestamp(6) with time zone, last_read_at timestamp(6) with time zone not null, updated_at timestamp(6) with time zone, channel_id uuid not null, id uuid not null, user_id uuid not null, primary key (id))
25-10-04 16:59:15.681 [Test worker] DEBUG org.hibernate.SQL - create table user_statuses (created_at timestamp(6) with time zone, last_active_at timestamp(6) with time zone, updated_at timestamp(6) with time zone, id uuid not null, user_id uuid not null unique, primary key (id))
25-10-04 16:59:15.683 [Test worker] DEBUG org.hibernate.SQL - create table users (created_at timestamp(6) with time zone, updated_at timestamp(6) with time zone, id uuid not null, profile_id uuid unique, username varchar(50) not null, password varchar(60) not null, email varchar(100) not null, primary key (id))
25-10-04 16:59:15.685 [Test worker] DEBUG org.hibernate.SQL - alter table if exists binary_contents add constraint FKaffo4mpem38t2jgoewjgbri2y foreign key (message_id) references messages
25-10-04 16:59:15.699 [Test worker] DEBUG org.hibernate.SQL - alter table if exists channel_participants add constraint FKljc2c43m89q7xiia8vr5in7nt foreign key (user_id) references users
25-10-04 16:59:15.701 [Test worker] DEBUG org.hibernate.SQL - alter table if exists channel_participants add constraint FKsj8j1v58oh34x4kjttfjorvk1 foreign key (channel_id) references channels
25-10-04 16:59:15.702 [Test worker] DEBUG org.hibernate.SQL - alter table if exists messages add constraint FKowtlim26svclkatusptbgi7u1 foreign key (author_id) references users
25-10-04 16:59:15.703 [Test worker] DEBUG org.hibernate.SQL - alter table if exists messages add constraint FK3u3ckbhwq9se1cmopk2pq05b2 foreign key (channel_id) references channels
25-10-04 16:59:15.704 [Test worker] DEBUG org.hibernate.SQL - alter table if exists read_statuses add constraint FKa38ri44ml4gfdpklx4ahqr8gd foreign key (channel_id) references channels
25-10-04 16:59:15.705 [Test worker] DEBUG org.hibernate.SQL - alter table if exists read_statuses add constraint FKml3k4wr9sj5yxrmj6d0aoib2e foreign key (user_id) references users
25-10-04 16:59:15.707 [Test worker] DEBUG org.hibernate.SQL - alter table if exists user_statuses add constraint FK4lfl3ei2ubchgcxrrpo3pw4mm foreign key (user_id) references users
25-10-04 16:59:15.708 [Test worker] DEBUG org.hibernate.SQL - alter table if exists users add constraint fk_users_profile foreign key (profile_id) references binary_contents
25-10-04 16:59:15.714 [Test worker] INFO  o.s.o.j.LocalContainerEntityManagerF - Initialized JPA EntityManagerFactory for persistence unit 'default'
25-10-04 16:59:16.650 [Test worker] WARN  o.s.b.a.o.j.JpaBaseConfiguration$Jpa - spring.jpa.open-in-view is enabled by default. Therefore, database queries may be performed during view rendering. Explicitly configure spring.jpa.open-in-view to disable this warning
25-10-04 16:59:17.703 [Test worker] INFO  o.s.b.a.h.H2ConsoleAutoConfiguration - H2 console available at '/h2-console'. Database available at 'jdbc:h2:mem:testdb'
25-10-04 16:59:17.722 [Test worker] INFO  o.s.b.a.e.web.EndpointLinksResolver - Exposing 4 endpoints beneath base path '/actuator'
25-10-04 16:59:18.086 [Test worker] INFO  o.a.coyote.http11.Http11NioProtocol - Starting ProtocolHandler ["http-nio-auto-1"]
25-10-04 16:59:18.095 [Test worker] INFO  o.s.b.w.e.tomcat.TomcatWebServer - Tomcat started on port 57621 (http) with context path '/'
25-10-04 16:59:18.128 [Test worker] INFO  c.s.m.d.c.UserApiIntegrationTest - Started UserApiIntegrationTest in 8.467 seconds (process running for 9.901)
25-10-04 16:59:19.043 [http-nio-auto-1-exec-1] INFO  o.a.c.c.C.[Tomcat].[localhost].[/] - Initializing Spring DispatcherServlet 'dispatcherServlet'
25-10-04 16:59:19.043 [http-nio-auto-1-exec-1] INFO  o.s.web.servlet.DispatcherServlet - Initializing Servlet 'dispatcherServlet'
25-10-04 16:59:19.043 [http-nio-auto-1-exec-1] INFO  o.s.web.servlet.DispatcherServlet - Completed initialization in 0 ms
25-10-04 16:59:19.126 [http-nio-auto-1-exec-1] DEBUG org.hibernate.SQL - select u1_0.id,u1_0.created_at,u1_0.email,u1_0.password,p1_0.id,p1_0.bytes,p1_0.content_type,p1_0.created_at,p1_0.file_name,m1_0.id,a1_0.id,a1_0.created_at,a1_0.email,a1_0.password,a1_0.profile_id,s1_0.id,s1_0.created_at,s1_0.last_active_at,s1_0.updated_at,s1_0.user_id,a1_0.updated_at,a1_0.username,c1_0.id,c1_0.type,c1_0.created_at,c1_0.description,c1_0.last_message_at,c1_0.name,c1_0.updated_at,m1_0.content,m1_0.created_at,m1_0.updated_at,p1_0.size,p1_0.updated_at,s2_0.id,s2_0.created_at,s2_0.last_active_at,s2_0.updated_at,s2_0.user_id,u1_0.updated_at,u1_0.username from users u1_0 left join binary_contents p1_0 on p1_0.id=u1_0.profile_id left join messages m1_0 on m1_0.id=p1_0.message_id left join users a1_0 on a1_0.id=m1_0.author_id left join user_statuses s1_0 on a1_0.id=s1_0.user_id left join channels c1_0 on c1_0.id=m1_0.channel_id left join user_statuses s2_0 on u1_0.id=s2_0.user_id where u1_0.id=?
25-10-04 16:59:19.421 [http-nio-auto-1-exec-2] INFO  c.s.m.d.controller.UserController - 유저 전체 조회 요청
25-10-04 16:59:19.421 [http-nio-auto-1-exec-2] INFO  c.s.m.d.service.impl.UserServiceImpl - 전체 유저 목록 조회
25-10-04 16:59:19.598 [http-nio-auto-1-exec-2] DEBUG org.hibernate.SQL - select u1_0.id,u1_0.created_at,u1_0.email,u1_0.password,u1_0.profile_id,u1_0.updated_at,u1_0.username from users u1_0
25-10-04 16:59:19.875 [SpringApplicationShutdownHook] INFO  o.s.b.w.e.tomcat.GracefulShutdown - Commencing graceful shutdown. Waiting for active requests to complete
25-10-04 16:59:20.052 [tomcat-shutdown] INFO  o.s.b.w.e.tomcat.GracefulShutdown - Graceful shutdown complete
25-10-04 16:59:20.052 [SpringApplicationShutdownHook] INFO  o.s.o.j.LocalContainerEntityManagerF - Closing JPA EntityManagerFactory for persistence unit 'default'
25-10-04 16:59:20.067 [SpringApplicationShutdownHook] DEBUG org.hibernate.SQL - drop table if exists binary_contents cascade 
25-10-04 16:59:20.071 [SpringApplicationShutdownHook] DEBUG org.hibernate.SQL - drop table if exists channel_participants cascade 
25-10-04 16:59:20.073 [SpringApplicationShutdownHook] DEBUG org.hibernate.SQL - drop table if exists channels cascade 
25-10-04 16:59:20.074 [SpringApplicationShutdownHook] DEBUG org.hibernate.SQL - drop table if exists messages cascade 
25-10-04 16:59:20.074 [SpringApplicationShutdownHook] DEBUG org.hibernate.SQL - drop table if exists read_statuses cascade 
25-10-04 16:59:20.075 [SpringApplicationShutdownHook] DEBUG org.hibernate.SQL - drop table if exists user_statuses cascade 
25-10-04 16:59:20.076 [SpringApplicationShutdownHook] DEBUG org.hibernate.SQL - drop table if exists users cascade 
25-10-04 16:59:20.082 [SpringApplicationShutdownHook] INFO  com.zaxxer.hikari.HikariDataSource - HikariPool-1 - Shutdown initiated...
25-10-04 16:59:20.082 [SpringApplicationShutdownHook] INFO  com.zaxxer.hikari.HikariDataSource - HikariPool-1 - Shutdown completed.
25-10-04 17:04:33.854 [background-preinit] INFO  o.h.validator.internal.util.Version - HV000001: Hibernate Validator 8.0.2.Final
25-10-04 17:04:33.966 [Test worker] INFO  c.s.m.d.c.UserApiIntegrationTest - Starting UserApiIntegrationTest using Java 17.0.15 with PID 23968 (started by SW in C:\dev_source\5-sprint-mission)
25-10-04 17:04:33.966 [Test worker] INFO  c.s.m.d.c.UserApiIntegrationTest - The following 1 profile is active: "test"
25-10-04 17:04:35.630 [Test worker] INFO  o.s.d.r.c.RepositoryConfigurationDel - Bootstrapping Spring Data JPA repositories in DEFAULT mode.
25-10-04 17:04:35.751 [Test worker] INFO  o.s.d.r.c.RepositoryConfigurationDel - Finished Spring Data repository scanning in 108 ms. Found 6 JPA repository interfaces.
25-10-04 17:04:36.562 [Test worker] INFO  o.s.b.w.e.tomcat.TomcatWebServer - Tomcat initialized with port 0 (http)
25-10-04 17:04:36.579 [Test worker] INFO  o.a.coyote.http11.Http11NioProtocol - Initializing ProtocolHandler ["http-nio-auto-1"]
25-10-04 17:04:36.579 [Test worker] INFO  o.a.catalina.core.StandardService - Starting service [Tomcat]
25-10-04 17:04:36.579 [Test worker] INFO  o.a.catalina.core.StandardEngine - Starting Servlet engine: [Apache Tomcat/10.1.43]
25-10-04 17:04:36.690 [Test worker] INFO  o.a.c.c.C.[Tomcat].[localhost].[/] - Initializing Spring embedded WebApplicationContext
25-10-04 17:04:36.694 [Test worker] INFO  o.s.b.w.s.c.ServletWebServerApplicat - Root WebApplicationContext: initialization completed in 2690 ms
25-10-04 17:04:37.194 [Test worker] INFO  o.h.jpa.internal.util.LogHelper - HHH000204: Processing PersistenceUnitInfo [name: default]
25-10-04 17:04:37.309 [Test worker] INFO  org.hibernate.Version - HHH000412: Hibernate ORM core version 6.6.22.Final
25-10-04 17:04:37.375 [Test worker] INFO  o.h.c.i.RegionFactoryInitiator - HHH000026: Second-level cache disabled
25-10-04 17:04:37.851 [Test worker] INFO  o.s.o.j.p.SpringPersistenceUnitInfo - No LoadTimeWeaver setup: ignoring JPA class transformer
25-10-04 17:04:37.917 [Test worker] INFO  com.zaxxer.hikari.HikariDataSource - HikariPool-1 - Starting...
25-10-04 17:04:38.230 [Test worker] INFO  com.zaxxer.hikari.pool.HikariPool - HikariPool-1 - Added connection conn0: url=jdbc:h2:mem:testdb user=SA
25-10-04 17:04:38.232 [Test worker] INFO  com.zaxxer.hikari.HikariDataSource - HikariPool-1 - Start completed.
25-10-04 17:04:38.265 [Test worker] WARN  org.hibernate.orm.deprecation - HHH90000025: H2Dialect does not need to be specified explicitly using 'hibernate.dialect' (remove the property setting and it will be selected by default)
25-10-04 17:04:38.298 [Test worker] INFO  o.hibernate.orm.connections.pooling - HHH10001005: Database info:
	Database JDBC URL [Connecting through datasource 'HikariDataSource (HikariPool-1)']
	Database driver: undefined/unknown
	Database version: 2.3.232
	Autocommit mode: undefined/unknown
	Isolation level: undefined/unknown
	Minimum pool size: undefined/unknown
	Maximum pool size: undefined/unknown
25-10-04 17:04:40.019 [Test worker] INFO  o.h.e.t.j.p.i.JtaPlatformInitiator - HHH000489: No JTA platform available (set 'hibernate.transaction.jta.platform' to enable JTA platform integration)
25-10-04 17:04:40.045 [Test worker] DEBUG org.hibernate.SQL - drop table if exists binary_contents cascade 
25-10-04 17:04:40.049 [Test worker] DEBUG org.hibernate.SQL - drop table if exists channel_participants cascade 
25-10-04 17:04:40.050 [Test worker] DEBUG org.hibernate.SQL - drop table if exists channels cascade 
25-10-04 17:04:40.050 [Test worker] DEBUG org.hibernate.SQL - drop table if exists messages cascade 
25-10-04 17:04:40.051 [Test worker] DEBUG org.hibernate.SQL - drop table if exists read_statuses cascade 
25-10-04 17:04:40.051 [Test worker] DEBUG org.hibernate.SQL - drop table if exists user_statuses cascade 
25-10-04 17:04:40.052 [Test worker] DEBUG org.hibernate.SQL - drop table if exists users cascade 
25-10-04 17:04:40.057 [Test worker] DEBUG org.hibernate.SQL - create table binary_contents (created_at timestamp(6) with time zone, size bigint not null, updated_at timestamp(6) with time zone, id uuid not null, message_id uuid, content_type varchar(100) not null, bytes varbinary(255) not null, file_name varchar(255) not null, primary key (id))
25-10-04 17:04:40.065 [Test worker] DEBUG org.hibernate.SQL - create table channel_participants (channel_id uuid not null, user_id uuid not null)
25-10-04 17:04:40.067 [Test worker] DEBUG org.hibernate.SQL - create table channels (created_at timestamp(6) with time zone, last_message_at timestamp(6) with time zone, updated_at timestamp(6) with time zone, id uuid not null, name varchar(100), description varchar(500), type enum ('PRIVATE','PUBLIC') not null, primary key (id))
25-10-04 17:04:40.069 [Test worker] DEBUG org.hibernate.SQL - create table messages (created_at timestamp(6) with time zone, updated_at timestamp(6) with time zone, author_id uuid, channel_id uuid, id uuid not null, content varchar(255), primary key (id))
25-10-04 17:04:40.070 [Test worker] DEBUG org.hibernate.SQL - create table read_statuses (created_at timestamp(6) with time zone, last_read_at timestamp(6) with time zone not null, updated_at timestamp(6) with time zone, channel_id uuid not null, id uuid not null, user_id uuid not null, primary key (id))
25-10-04 17:04:40.072 [Test worker] DEBUG org.hibernate.SQL - create table user_statuses (created_at timestamp(6) with time zone, last_active_at timestamp(6) with time zone, updated_at timestamp(6) with time zone, id uuid not null, user_id uuid not null unique, primary key (id))
25-10-04 17:04:40.076 [Test worker] DEBUG org.hibernate.SQL - create table users (created_at timestamp(6) with time zone, updated_at timestamp(6) with time zone, id uuid not null, profile_id uuid unique, username varchar(50) not null, password varchar(60) not null, email varchar(100) not null, primary key (id))
25-10-04 17:04:40.078 [Test worker] DEBUG org.hibernate.SQL - alter table if exists binary_contents add constraint FKaffo4mpem38t2jgoewjgbri2y foreign key (message_id) references messages
25-10-04 17:04:40.094 [Test worker] DEBUG org.hibernate.SQL - alter table if exists channel_participants add constraint FKljc2c43m89q7xiia8vr5in7nt foreign key (user_id) references users
25-10-04 17:04:40.096 [Test worker] DEBUG org.hibernate.SQL - alter table if exists channel_participants add constraint FKsj8j1v58oh34x4kjttfjorvk1 foreign key (channel_id) references channels
25-10-04 17:04:40.098 [Test worker] DEBUG org.hibernate.SQL - alter table if exists messages add constraint FKowtlim26svclkatusptbgi7u1 foreign key (author_id) references users
25-10-04 17:04:40.099 [Test worker] DEBUG org.hibernate.SQL - alter table if exists messages add constraint FK3u3ckbhwq9se1cmopk2pq05b2 foreign key (channel_id) references channels
25-10-04 17:04:40.101 [Test worker] DEBUG org.hibernate.SQL - alter table if exists read_statuses add constraint FKa38ri44ml4gfdpklx4ahqr8gd foreign key (channel_id) references channels
25-10-04 17:04:40.102 [Test worker] DEBUG org.hibernate.SQL - alter table if exists read_statuses add constraint FKml3k4wr9sj5yxrmj6d0aoib2e foreign key (user_id) references users
25-10-04 17:04:40.104 [Test worker] DEBUG org.hibernate.SQL - alter table if exists user_statuses add constraint FK4lfl3ei2ubchgcxrrpo3pw4mm foreign key (user_id) references users
25-10-04 17:04:40.106 [Test worker] DEBUG org.hibernate.SQL - alter table if exists users add constraint fk_users_profile foreign key (profile_id) references binary_contents
25-10-04 17:04:40.111 [Test worker] INFO  o.s.o.j.LocalContainerEntityManagerF - Initialized JPA EntityManagerFactory for persistence unit 'default'
25-10-04 17:04:41.025 [Test worker] WARN  o.s.b.a.o.j.JpaBaseConfiguration$Jpa - spring.jpa.open-in-view is enabled by default. Therefore, database queries may be performed during view rendering. Explicitly configure spring.jpa.open-in-view to disable this warning
25-10-04 17:04:41.880 [Test worker] INFO  o.s.b.a.h.H2ConsoleAutoConfiguration - H2 console available at '/h2-console'. Database available at 'jdbc:h2:mem:testdb'
25-10-04 17:04:41.924 [Test worker] INFO  o.s.b.a.e.web.EndpointLinksResolver - Exposing 4 endpoints beneath base path '/actuator'
25-10-04 17:04:42.273 [Test worker] INFO  o.a.coyote.http11.Http11NioProtocol - Starting ProtocolHandler ["http-nio-auto-1"]
25-10-04 17:04:42.301 [Test worker] INFO  o.s.b.w.e.tomcat.TomcatWebServer - Tomcat started on port 62759 (http) with context path '/'
25-10-04 17:04:42.317 [Test worker] INFO  c.s.m.d.c.UserApiIntegrationTest - Started UserApiIntegrationTest in 8.969 seconds (process running for 10.549)
25-10-04 17:04:43.238 [http-nio-auto-1-exec-1] INFO  o.a.c.c.C.[Tomcat].[localhost].[/] - Initializing Spring DispatcherServlet 'dispatcherServlet'
25-10-04 17:04:43.238 [http-nio-auto-1-exec-1] INFO  o.s.web.servlet.DispatcherServlet - Initializing Servlet 'dispatcherServlet'
25-10-04 17:04:43.238 [http-nio-auto-1-exec-1] INFO  o.s.web.servlet.DispatcherServlet - Completed initialization in 0 ms
25-10-04 17:04:43.340 [http-nio-auto-1-exec-1] DEBUG org.hibernate.SQL - select u1_0.id,u1_0.created_at,u1_0.email,u1_0.password,p1_0.id,p1_0.bytes,p1_0.content_type,p1_0.created_at,p1_0.file_name,m1_0.id,a1_0.id,a1_0.created_at,a1_0.email,a1_0.password,a1_0.profile_id,s1_0.id,s1_0.created_at,s1_0.last_active_at,s1_0.updated_at,s1_0.user_id,a1_0.updated_at,a1_0.username,c1_0.id,c1_0.type,c1_0.created_at,c1_0.description,c1_0.last_message_at,c1_0.name,c1_0.updated_at,m1_0.content,m1_0.created_at,m1_0.updated_at,p1_0.size,p1_0.updated_at,s2_0.id,s2_0.created_at,s2_0.last_active_at,s2_0.updated_at,s2_0.user_id,u1_0.updated_at,u1_0.username from users u1_0 left join binary_contents p1_0 on p1_0.id=u1_0.profile_id left join messages m1_0 on m1_0.id=p1_0.message_id left join users a1_0 on a1_0.id=m1_0.author_id left join user_statuses s1_0 on a1_0.id=s1_0.user_id left join channels c1_0 on c1_0.id=m1_0.channel_id left join user_statuses s2_0 on u1_0.id=s2_0.user_id where u1_0.id=?
25-10-04 17:04:43.622 [http-nio-auto-1-exec-2] INFO  c.s.m.d.controller.UserController - 유저 전체 조회 요청
25-10-04 17:04:43.622 [http-nio-auto-1-exec-2] INFO  c.s.m.d.service.impl.UserServiceImpl - 전체 유저 목록 조회
25-10-04 17:04:43.835 [http-nio-auto-1-exec-2] DEBUG org.hibernate.SQL - select u1_0.id,u1_0.created_at,u1_0.email,u1_0.password,u1_0.profile_id,u1_0.updated_at,u1_0.username from users u1_0
25-10-04 17:04:44.087 [http-nio-auto-1-exec-5] DEBUG org.hibernate.SQL - select u1_0.id from users u1_0 where u1_0.username=? fetch first ? rows only
25-10-04 17:04:44.087 [http-nio-auto-1-exec-5] DEBUG org.hibernate.SQL - select u1_0.id from users u1_0 where u1_0.email=? fetch first ? rows only
25-10-04 17:04:44.087 [http-nio-auto-1-exec-5] INFO  c.s.m.d.service.impl.UserServiceImpl - 회원가입 완료: userId=45d1f643-c496-4a86-ab78-0ff0acca19f1
25-10-04 17:04:44.123 [http-nio-auto-1-exec-5] DEBUG org.hibernate.SQL - insert into users (created_at,email,password,profile_id,updated_at,username,id) values (?,?,?,?,?,?,?)
25-10-04 17:04:44.132 [http-nio-auto-1-exec-5] INFO  c.s.m.d.controller.UserController - 회원가입 완료: userId=45d1f643-c496-4a86-ab78-0ff0acca19f1
25-10-04 17:04:44.144 [Test worker] DEBUG org.hibernate.SQL - select u1_0.id from users u1_0 where u1_0.username=? fetch first ? rows only
25-10-04 17:04:44.162 [SpringApplicationShutdownHook] INFO  o.s.b.w.e.tomcat.GracefulShutdown - Commencing graceful shutdown. Waiting for active requests to complete
25-10-04 17:04:44.324 [tomcat-shutdown] INFO  o.s.b.w.e.tomcat.GracefulShutdown - Graceful shutdown complete
25-10-04 17:04:44.330 [SpringApplicationShutdownHook] INFO  o.s.o.j.LocalContainerEntityManagerF - Closing JPA EntityManagerFactory for persistence unit 'default'
25-10-04 17:04:44.330 [SpringApplicationShutdownHook] DEBUG org.hibernate.SQL - drop table if exists binary_contents cascade 
25-10-04 17:04:44.335 [SpringApplicationShutdownHook] DEBUG org.hibernate.SQL - drop table if exists channel_participants cascade 
25-10-04 17:04:44.336 [SpringApplicationShutdownHook] DEBUG org.hibernate.SQL - drop table if exists channels cascade 
25-10-04 17:04:44.337 [SpringApplicationShutdownHook] DEBUG org.hibernate.SQL - drop table if exists messages cascade 
25-10-04 17:04:44.338 [SpringApplicationShutdownHook] DEBUG org.hibernate.SQL - drop table if exists read_statuses cascade 
25-10-04 17:04:44.339 [SpringApplicationShutdownHook] DEBUG org.hibernate.SQL - drop table if exists user_statuses cascade 
25-10-04 17:04:44.340 [SpringApplicationShutdownHook] DEBUG org.hibernate.SQL - drop table if exists users cascade 
25-10-04 17:04:44.342 [SpringApplicationShutdownHook] INFO  com.zaxxer.hikari.HikariDataSource - HikariPool-1 - Shutdown initiated...
25-10-04 17:04:44.345 [SpringApplicationShutdownHook] INFO  com.zaxxer.hikari.HikariDataSource - HikariPool-1 - Shutdown completed.
